[21:11:59] [Server thread/INFO]: Starting minecraft server version 1.10.2
[21:11:59] [Server thread/INFO]: Loading properties
[21:11:59] [Server thread/WARN]: server.properties does not exist
[21:11:59] [Server thread/INFO]: Generating new properties file
[21:11:59] [Server console handler/ERROR]: Exception handling console input
java.io.IOException: The handle is invalid
	at java.io.FileInputStream.readBytes(Native Method) ~[?:?]
	at java.io.FileInputStream.read(FileInputStream.java:287) ~[?:?]
	at java.io.BufferedInputStream.fill(BufferedInputStream.java:291) ~[?:?]
	at java.io.BufferedInputStream.implRead(BufferedInputStream.java:325) ~[?:?]
	at java.io.BufferedInputStream.read(BufferedInputStream.java:312) ~[?:?]
	at org.bukkit.craftbukkit.libs.jline.internal.NonBlockingInputStream.read(NonBlockingInputStream.java:248) ~[patched_1.10.2.jar:git-Paper-918]
	at org.bukkit.craftbukkit.libs.jline.internal.InputStreamReader.read(InputStreamReader.java:261) ~[patched_1.10.2.jar:git-Paper-918]
	at org.bukkit.craftbukkit.libs.jline.internal.InputStreamReader.read(InputStreamReader.java:198) ~[patched_1.10.2.jar:git-Paper-918]
	at org.bukkit.craftbukkit.libs.jline.console.ConsoleReader.readCharacter(ConsoleReader.java:2145) ~[patched_1.10.2.jar:git-Paper-918]
	at org.bukkit.craftbukkit.libs.jline.console.ConsoleReader.readLineSimple(ConsoleReader.java:3183) ~[patched_1.10.2.jar:git-Paper-918]
	at org.bukkit.craftbukkit.libs.jline.console.ConsoleReader.readLine(ConsoleReader.java:2333) ~[patched_1.10.2.jar:git-Paper-918]
	at org.bukkit.craftbukkit.libs.jline.console.ConsoleReader.readLine(ConsoleReader.java:2269) ~[patched_1.10.2.jar:git-Paper-918]
	at org.bukkit.craftbukkit.libs.jline.console.ConsoleReader.readLine(ConsoleReader.java:2257) ~[patched_1.10.2.jar:git-Paper-918]
	at net.minecraft.server.v1_10_R1.DedicatedServer$2.run(DedicatedServer.java:86) [patched_1.10.2.jar:git-Paper-918]
[21:11:59] [Server thread/WARN]: Failed to load eula.txt
[21:11:59] [Server thread/INFO]: You need to agree to the EULA in order to run the server. Go to eula.txt for more info.
[21:11:59] [Server thread/INFO]: Stopping server
